This is pdfTeX, Version 3.141592653-2.6-1.40.22 (TeX Live 2022/dev/Debian) (preloaded format=pdflatex 2024.6.20)  28 MAY 2025 20:14
entering extended mode
 restricted \write18 enabled.
 file:line:error style messages enabled.
 %&-line parsing enabled.
**oppenheim.tex
(./oppenheim.tex
LaTeX2e <2021-11-15> patch level 1
L3 programming layer <2022-01-21> (/usr/share/texlive/texmf-dist/tex/latex/base/report.cls
Document Class: report 2021/10/04 v1.4n Standard LaTeX document class
(/usr/share/texlive/texmf-dist/tex/latex/base/size10.clo
File: size10.clo 2021/10/04 v1.4n Standard LaTeX file (size option)
)
\c@part=\count185
\c@chapter=\count186
\c@section=\count187
\c@subsection=\count188
\c@subsubsection=\count189
\c@paragraph=\count190
\c@subparagraph=\count191
\c@figure=\count192
\c@table=\count193
\abovecaptionskip=\skip47
\belowcaptionskip=\skip48
\bibindent=\dimen138
) (/usr/share/texlive/texmf-dist/tex/latex/amsmath/amsmath.sty
Package: amsmath 2021/10/15 v2.17l AMS math features
\@mathmargin=\skip49

For additional information on amsmath, use the `?' option.
(/usr/share/texlive/texmf-dist/tex/latex/amsmath/amstext.sty
Package: amstext 2021/08/26 v2.01 AMS text
 (/usr/share/texlive/texmf-dist/tex/latex/amsmath/amsgen.sty
File: amsgen.sty 1999/11/30 v2.0 generic functions
\@emptytoks=\toks16
\ex@=\dimen139
)) (/usr/share/texlive/texmf-dist/tex/latex/amsmath/amsbsy.sty
Package: amsbsy 1999/11/29 v1.2d Bold Symbols
\pmbraise@=\dimen140
) (/usr/share/texlive/texmf-dist/tex/latex/amsmath/amsopn.sty
Package: amsopn 2021/08/26 v2.02 operator names
)
\inf@bad=\count194
LaTeX Info: Redefining \frac on input line 234.
\uproot@=\count195
\leftroot@=\count196
LaTeX Info: Redefining \overline on input line 399.
\classnum@=\count197
\DOTSCASE@=\count198
LaTeX Info: Redefining \ldots on input line 496.
LaTeX Info: Redefining \dots on input line 499.
LaTeX Info: Redefining \cdots on input line 620.
\Mathstrutbox@=\box50
\strutbox@=\box51
\big@size=\dimen141
LaTeX Font Info:    Redeclaring font encoding OML on input line 743.
LaTeX Font Info:    Redeclaring font encoding OMS on input line 744.
\macc@depth=\count199
\c@MaxMatrixCols=\count266
\dotsspace@=\muskip16
\c@parentequation=\count267
\dspbrk@lvl=\count268
\tag@help=\toks17
\row@=\count269
\column@=\count270
\maxfields@=\count271
\andhelp@=\toks18
\eqnshift@=\dimen142
\alignsep@=\dimen143
\tagshift@=\dimen144
\tagwidth@=\dimen145
\totwidth@=\dimen146
\lineht@=\dimen147
\@envbody=\toks19
\multlinegap=\skip50
\multlinetaggap=\skip51
\mathdisplay@stack=\toks20
LaTeX Info: Redefining \[ on input line 2938.
LaTeX Info: Redefining \] on input line 2939.
) (/usr/share/texlive/texmf-dist/tex/latex/mathtools/mathtools.sty
Package: mathtools 2021/02/02 v1.28 mathematical typesetting tools
 (/usr/share/texlive/texmf-dist/tex/latex/graphics/keyval.sty
Package: keyval 2014/10/28 v1.15 key=value parser (DPC)
\KV@toks@=\toks21
) (/usr/share/texlive/texmf-dist/tex/latex/tools/calc.sty
Package: calc 2017/05/25 v4.3 Infix arithmetic (KKT,FJ)
\calc@Acount=\count272
\calc@Bcount=\count273
\calc@Adimen=\dimen148
\calc@Bdimen=\dimen149
\calc@Askip=\skip52
\calc@Bskip=\skip53
LaTeX Info: Redefining \setlength on input line 80.
LaTeX Info: Redefining \addtolength on input line 81.
\calc@Ccount=\count274
\calc@Cskip=\skip54
) (/usr/share/texlive/texmf-dist/tex/latex/mathtools/mhsetup.sty
Package: mhsetup 2021/03/18 v1.4 programming setup (MH)
)
\g_MT_multlinerow_int=\count275
\l_MT_multwidth_dim=\dimen150
\origjot=\skip55
\l_MT_shortvdotswithinadjustabove_dim=\dimen151
\l_MT_shortvdotswithinadjustbelow_dim=\dimen152
\l_MT_above_intertext_sep=\dimen153
\l_MT_below_intertext_sep=\dimen154
\l_MT_above_shortintertext_sep=\dimen155
\l_MT_below_shortintertext_sep=\dimen156
\xmathstrut@box=\box52
\xmathstrut@dim=\dimen157
) (/usr/share/texlive/texmf-dist/tex/latex/amsfonts/amssymb.sty
Package: amssymb 2013/01/14 v3.01 AMS font symbols
 (/usr/share/texlive/texmf-dist/tex/latex/amsfonts/amsfonts.sty
Package: amsfonts 2013/01/14 v3.01 Basic AMSFonts support
\symAMSa=\mathgroup4
\symAMSb=\mathgroup5
LaTeX Font Info:    Redeclaring math symbol \hbar on input line 98.
LaTeX Font Info:    Overwriting math alphabet `\mathfrak' in version `bold'
(Font)                  U/euf/m/n --> U/euf/b/n on input line 106.
)) (/usr/share/texlive/texmf-dist/tex/latex/amscls/amsthm.sty
Package: amsthm 2020/05/29 v2.20.6
\thm@style=\toks22
\thm@bodyfont=\toks23
\thm@headfont=\toks24
\thm@notefont=\toks25
\thm@headpunct=\toks26
\thm@preskip=\skip56
\thm@postskip=\skip57
\thm@headsep=\skip58
\dth@everypar=\toks27
) (/usr/share/texlive/texmf-dist/tex/latex/tools/bm.sty
Package: bm 2021/04/25 v1.2e Bold Symbol Support (DPC/FMi)
\symboldoperators=\mathgroup6
\symboldletters=\mathgroup7
\symboldsymbols=\mathgroup8
Package bm Info: No bold for \OMX/cmex/m/n, using \pmb.
Package bm Info: No bold for \U/msa/m/n, using \pmb.
Package bm Info: No bold for \U/msb/m/n, using \pmb.
LaTeX Font Info:    Redeclaring math alphabet \mathbf on input line 149.
) (/usr/share/texlive/texmf-dist/tex/latex/graphics/graphicx.sty
Package: graphicx 2021/09/16 v1.2d Enhanced LaTeX Graphics (DPC,SPQR)
 (/usr/share/texlive/texmf-dist/tex/latex/graphics/graphics.sty
Package: graphics 2021/03/04 v1.4d Standard LaTeX Graphics (DPC,SPQR)
 (/usr/share/texlive/texmf-dist/tex/latex/graphics/trig.sty
Package: trig 2021/08/11 v1.11 sin cos tan (DPC)
) (/usr/share/texlive/texmf-dist/tex/latex/graphics-cfg/graphics.cfg
File: graphics.cfg 2016/06/04 v1.11 sample graphics configuration
)
Package graphics Info: Driver file: pdftex.def on input line 107.
 (/usr/share/texlive/texmf-dist/tex/latex/graphics-def/pdftex.def
File: pdftex.def 2020/10/05 v1.2a Graphics/color driver for pdftex
))
\Gin@req@height=\dimen158
\Gin@req@width=\dimen159
) (/usr/share/texlive/texmf-dist/tex/latex/l3backend/l3backend-pdftex.def
File: l3backend-pdftex.def 2022-01-12 L3 backend support: PDF output (pdfTeX)
\l__color_backend_stack_int=\count276
\l__pdf_internal_box=\box53
) (./oppenheim.aux)
\openout1 = `oppenheim.aux'.

LaTeX Font Info:    Checking defaults for OML/cmm/m/it on input line 12.
LaTeX Font Info:    ... okay on input line 12.
LaTeX Font Info:    Checking defaults for OMS/cmsy/m/n on input line 12.
LaTeX Font Info:    ... okay on input line 12.
LaTeX Font Info:    Checking defaults for OT1/cmr/m/n on input line 12.
LaTeX Font Info:    ... okay on input line 12.
LaTeX Font Info:    Checking defaults for T1/cmr/m/n on input line 12.
LaTeX Font Info:    ... okay on input line 12.
LaTeX Font Info:    Checking defaults for TS1/cmr/m/n on input line 12.
LaTeX Font Info:    ... okay on input line 12.
LaTeX Font Info:    Checking defaults for OMX/cmex/m/n on input line 12.
LaTeX Font Info:    ... okay on input line 12.
LaTeX Font Info:    Checking defaults for U/cmr/m/n on input line 12.
LaTeX Font Info:    ... okay on input line 12.
 (/usr/share/texlive/texmf-dist/tex/context/base/mkii/supp-pdf.mkii
[Loading MPS to PDF converter (version 2006.09.02).]
\scratchcounter=\count277
\scratchdimen=\dimen160
\scratchbox=\box54
\nofMPsegments=\count278
\nofMParguments=\count279
\everyMPshowfont=\toks28
\MPscratchCnt=\count280
\MPscratchDim=\dimen161
\MPnumerator=\count281
\makeMPintoPDFobject=\count282
\everyMPtoPDFconversion=\toks29
) (/usr/share/texlive/texmf-dist/tex/latex/epstopdf-pkg/epstopdf-base.sty
Package: epstopdf-base 2020-01-24 v2.11 Base part for package epstopdf
Package epstopdf-base Info: Redefining graphics rule for `.eps' on input line 485.
 (/usr/share/texlive/texmf-dist/tex/latex/latexconfig/epstopdf-sys.cfg
File: epstopdf-sys.cfg 2010/07/13 v1.3 Configuration of (r)epstopdf for TeX Live
))
LaTeX Font Info:    Trying to load font information for U+msa on input line 13.
 (/usr/share/texlive/texmf-dist/tex/latex/amsfonts/umsa.fd
File: umsa.fd 2013/01/14 v3.01 AMS symbols A
)
LaTeX Font Info:    Trying to load font information for U+msb on input line 13.
 (/usr/share/texlive/texmf-dist/tex/latex/amsfonts/umsb.fd
File: umsb.fd 2013/01/14 v3.01 AMS symbols B
) [1

{/var/lib/texmf/fonts/map/pdftex/updmap/pdftex.map}] (./oppenheim.toc)
\tf@toc=\write3
\openout3 = `oppenheim.toc'.

 [1

]
Chapter 1.
[2

] [3] [4]
<./images//a1.png, id=32, 1160.335pt x 921.4425pt>
File: ./images//a1.png Graphic file (type png)
<use ./images//a1.png>
Package pdftex.def Info: ./images//a1.png  used on input line 114.
(pdftex.def)             Requested size: 256.0748pt x 203.35068pt.
 [5 <./images//a1.png>] [6] [7] [8]
<./images//a2.png, id=49, 1140.26pt x 461.725pt>
File: ./images//a2.png Graphic file (type png)
<use ./images//a2.png>
Package pdftex.def Info: ./images//a2.png  used on input line 256.
(pdftex.def)             Requested size: 284.52756pt x 115.21255pt.
 [9 <./images//a2.png>]
<./images//a3.png, id=54, 785.93625pt x 323.2075pt>
File: ./images//a3.png Graphic file (type png)
<use ./images//a3.png>
Package pdftex.def Info: ./images//a3.png  used on input line 263.
(pdftex.def)             Requested size: 284.52756pt x 117.01053pt.
<./images//a4.png, id=55, 785.93625pt x 323.2075pt>
File: ./images//a4.png Graphic file (type png)
<use ./images//a4.png>
Package pdftex.def Info: ./images//a4.png  used on input line 271.
(pdftex.def)             Requested size: 284.52756pt x 117.01053pt.
 [10 <./images//a3.png> <./images//a4.png>]
<./images//a5.png, id=61, 785.93625pt x 323.2075pt>
File: ./images//a5.png Graphic file (type png)
<use ./images//a5.png>
Package pdftex.def Info: ./images//a5.png  used on input line 289.
(pdftex.def)             Requested size: 284.52756pt x 117.01053pt.
 [11 <./images//a5.png>] [12] [13] [14]
<./images//a6.png, id=76, 586.41943pt x 92.91856pt>
File: ./images//a6.png Graphic file (type png)
<use ./images//a6.png>
Package pdftex.def Info: ./images//a6.png  used on input line 433.
(pdftex.def)             Requested size: 284.52756pt x 45.08386pt.
<./images//a7.png, id=77, 565.25464pt x 91.36993pt>
File: ./images//a7.png Graphic file (type png)
<use ./images//a7.png>
Package pdftex.def Info: ./images//a7.png  used on input line 442.
(pdftex.def)             Requested size: 284.52756pt x 45.99156pt.
<./images//a8.png, id=78, 422.26329pt x 207.00192pt>
File: ./images//a8.png Graphic file (type png)
<use ./images//a8.png>
Package pdftex.def Info: ./images//a8.png  used on input line 453.
(pdftex.def)             Requested size: 284.52756pt x 139.48335pt.
 [15 <./images//a6.png (PNG copy)> <./images//a7.png (PNG copy)> <./images//a8.png (PNG copy)>] [16]
<./images//a9.png, id=85, 357.7365pt x 110.98607pt>
File: ./images//a9.png Graphic file (type png)
<use ./images//a9.png>
Package pdftex.def Info: ./images//a9.png  used on input line 491.
(pdftex.def)             Requested size: 284.52756pt x 88.27582pt.
 [17 <./images//a9.png (PNG copy)>]
<./images//a10.png, id=89, 392.32286pt x 141.44272pt>
File: ./images//a10.png Graphic file (type png)
<use ./images//a10.png>
Package pdftex.def Info: ./images//a10.png  used on input line 511.
(pdftex.def)             Requested size: 284.52756pt x 102.5811pt.
<./images//a11.png, id=90, 355.15543pt x 111.50229pt>
File: ./images//a11.png Graphic file (type png)
<use ./images//a11.png>
Package pdftex.def Info: ./images//a11.png  used on input line 528.
(pdftex.def)             Requested size: 284.52756pt x 89.33464pt.
 [18 <./images//a10.png (PNG copy)> <./images//a11.png (PNG copy)>]
<./images//a12.png, id=95, 472.85228pt x 253.46121pt>
File: ./images//a12.png Graphic file (type png)
<use ./images//a12.png>
Package pdftex.def Info: ./images//a12.png  used on input line 565.
(pdftex.def)             Requested size: 284.52756pt x 152.51492pt.
 [19 <./images//a12.png (PNG copy)>] [20] [21] [22] [23]
<./images//a13.png, id=111, 387.67693pt x 251.91257pt>
File: ./images//a13.png Graphic file (type png)
<use ./images//a13.png>
Package pdftex.def Info: ./images//a13.png  used on input line 702.
(pdftex.def)             Requested size: 284.52756pt x 184.89404pt.
 [24 <./images//a13.png (PNG copy)>] [25] [26]
<./images//a14.png, id=122, 357.22029pt x 351.02571pt>
File: ./images//a14.png Graphic file (type png)
<use ./images//a14.png>
Package pdftex.def Info: ./images//a14.png  used on input line 834.
(pdftex.def)             Requested size: 241.84842pt x 237.64986pt.
 [27 <./images//a14.png (PNG copy)>] [28] [29] [30]
<./images//a15.png, id=136, 347.41222pt x 108.92122pt>
File: ./images//a15.png Graphic file (type png)
<use ./images//a15.png>
Package pdftex.def Info: ./images//a15.png  used on input line 979.
(pdftex.def)             Requested size: 284.52756pt x 89.20627pt.
 [31 <./images//a15.png (PNG copy)>]
Chapter 2.
<./images//a16.png, id=140, 204.42085pt x 274.626pt>
File: ./images//a16.png Graphic file (type png)
<use ./images//a16.png>
Package pdftex.def Info: ./images//a16.png  used on input line 998.
(pdftex.def)             Requested size: 99.58464pt x 133.78848pt.
<./images//a17.png, id=141, 341.21764pt x 251.39636pt>
File: ./images//a17.png Graphic file (type png)
<use ./images//a17.png>
Package pdftex.def Info: ./images//a17.png  used on input line 999.
(pdftex.def)             Requested size: 184.9429pt x 136.26219pt.
[32

 <./images//a16.png (PNG copy)> <./images//a17.png (PNG copy)>] [33] [34]
<./images//a18.png, id=151, 528.08722pt x 283.40164pt>
File: ./images//a18.png Graphic file (type png)
<use ./images//a18.png>
Package pdftex.def Info: ./images//a18.png  used on input line 1051.
(pdftex.def)             Requested size: 284.52756pt x 152.6973pt.
<./images//a19.png, id=152, 432.07135pt x 473.88472pt>
File: ./images//a19.png Graphic file (type png)
<use ./images//a19.png>
Package pdftex.def Info: ./images//a19.png  used on input line 1057.
(pdftex.def)             Requested size: 221.93158pt x 243.40619pt.
 [35 <./images//a18.png (PNG copy)> <./images//a19.png (PNG copy)>] [36]
<./images//a20.png, id=160, 362.38243pt x 151.767pt>
File: ./images//a20.png Graphic file (type png)
<use ./images//a20.png>
Package pdftex.def Info: ./images//a20.png  used on input line 1097.
(pdftex.def)             Requested size: 284.52756pt x 119.16281pt.
 [37 <./images//a20.png (PNG copy)>]
<./images//a21.png, id=164, 354.123pt x 295.79079pt>
File: ./images//a21.png Graphic file (type png)
<use ./images//a21.png>
Package pdftex.def Info: ./images//a21.png  used on input line 1108.
(pdftex.def)             Requested size: 284.52756pt x 237.67554pt.
 [38 <./images//a21.png (PNG copy)>]
<./images//a22.png, id=168, 383.031pt x 381.48236pt>
File: ./images//a22.png Graphic file (type png)
<use ./images//a22.png>
Package pdftex.def Info: ./images//a22.png  used on input line 1135.
(pdftex.def)             Requested size: 256.0748pt x 255.05632pt.
 [39 <./images//a22.png (PNG copy)>] [40]
<./images//a23.png, id=175, 365.99593pt x 181.70743pt>
File: ./images//a23.png Graphic file (type png)
<use ./images//a23.png>
Package pdftex.def Info: ./images//a23.png  used on input line 1165.
(pdftex.def)             Requested size: 256.0748pt x 127.14163pt.
<./images//a24.png, id=176, 307.1475pt x 250.88014pt>
File: ./images//a24.png Graphic file (type png)
<use ./images//a24.png>
Package pdftex.def Info: ./images//a24.png  used on input line 1169.
(pdftex.def)             Requested size: 142.26378pt x 116.2025pt.
<./images//a25.png, id=177, 310.24478pt x 239.52342pt>
File: ./images//a25.png Graphic file (type png)
<use ./images//a25.png>
Package pdftex.def Info: ./images//a25.png  used on input line 1170.
(pdftex.def)             Requested size: 142.26378pt x 109.8349pt.
 [41 <./images//a23.png (PNG copy)> <./images//a24.png (PNG copy)> <./images//a25.png (PNG copy)>]
<./images//a26.png, id=181, 353.09058pt x 231.264pt>
File: ./images//a26.png Graphic file (type png)
<use ./images//a26.png>
Package pdftex.def Info: ./images//a26.png  used on input line 1202.
(pdftex.def)             Requested size: 284.52756pt x 186.37003pt.
 [42 <./images//a26.png (PNG copy)>]
<./images//a27.png, id=186, 282.36922pt x 151.25078pt>
File: ./images//a27.png Graphic file (type png)
<use ./images//a27.png>
Package pdftex.def Info: ./images//a27.png  used on input line 1221.
(pdftex.def)             Requested size: 284.52756pt x 152.41818pt.
 [43 <./images//a27.png (PNG copy)>]
<./images//a28.png, id=190, 285.98271pt x 115.11578pt>
File: ./images//a28.png Graphic file (type png)
<use ./images//a28.png>
Package pdftex.def Info: ./images//a28.png  used on input line 1251.
(pdftex.def)             Requested size: 284.52756pt x 114.53407pt.
 [44 <./images//a28.png (PNG copy)>]
<./images//a29.png, id=194, 304.05022pt x 137.313pt>
File: ./images//a29.png Graphic file (type png)
<use ./images//a29.png>
Package pdftex.def Info: ./images//a29.png  used on input line 1259.
(pdftex.def)             Requested size: 284.52756pt x 128.50223pt.
 [45 <./images//a29.png (PNG copy)>]
<./images//a30.png, id=198, 390.77422pt x 353.60678pt>
File: ./images//a30.png Graphic file (type png)
<use ./images//a30.png>
Package pdftex.def Info: ./images//a30.png  used on input line 1293.
(pdftex.def)             Requested size: 284.52756pt x 257.47794pt.
 [46 <./images//a30.png (PNG copy)>]
<./images//a31.png, id=202, 295.27457pt x 184.2885pt>
File: ./images//a31.png Graphic file (type png)
<use ./images//a31.png>
Package pdftex.def Info: ./images//a31.png  used on input line 1330.
(pdftex.def)             Requested size: 256.0748pt x 159.83478pt.
 [47 <./images//a31.png (PNG copy)>] [48]
<./images//a32.png, id=210, 346.37979pt x 190.48308pt>
File: ./images//a32.png Graphic file (type png)
<use ./images//a32.png>
Package pdftex.def Info: ./images//a32.png  used on input line 1395.
(pdftex.def)             Requested size: 256.0748pt x 140.82156pt.
<./images//a33.png, id=211, 348.96086pt x 155.3805pt>
File: ./images//a33.png Graphic file (type png)
<use ./images//a33.png>
Package pdftex.def Info: ./images//a33.png  used on input line 1399.
(pdftex.def)             Requested size: 256.0748pt x 114.02664pt.
 [49 <./images//a32.png (PNG copy)> <./images//a33.png (PNG copy)>]
<./images//a34.png, id=216, 308.69614pt x 162.0913pt>
File: ./images//a34.png Graphic file (type png)
<use ./images//a34.png>
Package pdftex.def Info: ./images//a34.png  used on input line 1426.
(pdftex.def)             Requested size: 256.0748pt x 134.46399pt.
 [50 <./images//a34.png (PNG copy)>]
<./images//a35.png, id=220, 267.399pt x 261.20442pt>
File: ./images//a35.png Graphic file (type png)
<use ./images//a35.png>
Package pdftex.def Info: ./images//a35.png  used on input line 1439.
(pdftex.def)             Requested size: 142.26378pt x 138.97174pt.
<./images//a36.png, id=221, 271.52872pt x 284.43407pt>
File: ./images//a36.png Graphic file (type png)
<use ./images//a36.png>
Package pdftex.def Info: ./images//a36.png  used on input line 1440.
(pdftex.def)             Requested size: 142.26378pt x 149.03064pt.
<./images//a37.png, id=222, 203.38843pt x 107.88878pt>
File: ./images//a37.png Graphic file (type png)
<use ./images//a37.png>
Package pdftex.def Info: ./images//a37.png  used on input line 1453.
(pdftex.def)             Requested size: 142.26378pt x 75.46893pt.
<./images//a38.png, id=223, 203.90465pt x 110.46986pt>
File: ./images//a38.png Graphic file (type png)
<use ./images//a38.png>
Package pdftex.def Info: ./images//a38.png  used on input line 1454.
(pdftex.def)             Requested size: 142.26378pt x 77.07889pt.
<./images//a39.png, id=224, 210.09921pt x 101.178pt>
File: ./images//a39.png Graphic file (type png)
<use ./images//a39.png>
Package pdftex.def Info: ./images//a39.png  used on input line 1455.
(pdftex.def)             Requested size: 170.71652pt x 82.21307pt.
 [51 <./images//a35.png (PNG copy)> <./images//a36.png (PNG copy)> <./images//a37.png (PNG copy)> <./images//a38.png (PNG copy)> <./images//a39.png (PNG copy)>]
<./images//a40.png, id=228, 177.57771pt x 103.24286pt>
File: ./images//a40.png Graphic file (type png)
<use ./images//a40.png>
Package pdftex.def Info: ./images//a40.png  used on input line 1470.
(pdftex.def)             Requested size: 256.0748pt x 148.89171pt.
 [52 <./images//a40.png (PNG copy)>]
<./images//a41.png, id=232, 226.61807pt x 211.13164pt>
File: ./images//a41.png Graphic file (type png)
<use ./images//a41.png>
Package pdftex.def Info: ./images//a41.png  used on input line 1480.
(pdftex.def)             Requested size: 199.16928pt x 185.56444pt.
<./images//a42.png, id=233, 222.48836pt x 108.405pt>
File: ./images//a42.png Graphic file (type png)
<use ./images//a42.png>
Package pdftex.def Info: ./images//a42.png  used on input line 1492.
(pdftex.def)             Requested size: 256.0748pt x 124.7789pt.
 [53 <./images//a41.png (PNG copy)> <./images//a42.png (PNG copy)>] [54]
<./images//a43.png, id=241, 213.7127pt x 116.14821pt>
File: ./images//a43.png Graphic file (type png)
<use ./images//a43.png>
Package pdftex.def Info: ./images//a43.png  used on input line 1555.
(pdftex.def)             Requested size: 142.26378pt x 77.31909pt.
<./images//a44.png, id=242, 204.93707pt x 81.04564pt>
File: ./images//a44.png Graphic file (type png)
<use ./images//a44.png>
Package pdftex.def Info: ./images//a44.png  used on input line 1556.
(pdftex.def)             Requested size: 142.26378pt x 56.26408pt.
 [55 <./images//a43.png (PNG copy)> <./images//a44.png (PNG copy)>] [56]
<./images//a45.png, id=249, 233.84508pt x 146.08864pt>
File: ./images//a45.png Graphic file (type png)
<use ./images//a45.png>
Package pdftex.def Info: ./images//a45.png  used on input line 1623.
(pdftex.def)             Requested size: 142.26378pt x 88.87541pt.
<./images//a46.png, id=250, 224.5532pt x 145.57243pt>
File: ./images//a46.png Graphic file (type png)
<use ./images//a46.png>
Package pdftex.def Info: ./images//a46.png  used on input line 1624.
(pdftex.def)             Requested size: 142.26378pt x 92.22644pt.
 [57 <./images//a45.png (PNG copy)> <./images//a46.png (PNG copy)>] [58]
<./images//a47.png, id=257, 391.29044pt x 151.25078pt>
File: ./images//a47.png Graphic file (type png)
<use ./images//a47.png>
Package pdftex.def Info: ./images//a47.png  used on input line 1670.
(pdftex.def)             Requested size: 284.52756pt x 109.98286pt.
 [59 <./images//a47.png (PNG copy)>] [60] [61] [62] [63] [64] [65] [66] [67] [68] [69]
<./images//a48.png, id=293, 384.06343pt x 229.71536pt>
File: ./images//a48.png Graphic file (type png)
<use ./images//a48.png>
Package pdftex.def Info: ./images//a48.png  used on input line 1996.
(pdftex.def)             Requested size: 284.52756pt x 170.1935pt.
<./images//a49.png, id=294, 368.577pt x 102.21043pt>
File: ./images//a49.png Graphic file (type png)
<use ./images//a49.png>
Package pdftex.def Info: ./images//a49.png  used on input line 2004.
(pdftex.def)             Requested size: 284.52756pt x 78.90501pt.
 [70 <./images//a48.png (PNG copy)> <./images//a49.png (PNG copy)>]
<./images//a50.png, id=298, 385.61208pt x 241.58829pt>
File: ./images//a50.png Graphic file (type png)
<use ./images//a50.png>
Package pdftex.def Info: ./images//a50.png  used on input line 2023.
(pdftex.def)             Requested size: 284.52756pt x 178.2638pt.
<./images//a51.png, id=299, 372.1905pt x 114.08336pt>
File: ./images//a51.png Graphic file (type png)
<use ./images//a51.png>
Package pdftex.def Info: ./images//a51.png  used on input line 2027.
(pdftex.def)             Requested size: 284.52756pt x 87.21254pt.
 [71 <./images//a50.png (PNG copy)> <./images//a51.png (PNG copy)>]
<./images//a52.png, id=303, 389.74179pt x 142.99136pt>
File: ./images//a52.png Graphic file (type png)
<use ./images//a52.png>
Package pdftex.def Info: ./images//a52.png  used on input line 2052.
(pdftex.def)             Requested size: 284.52756pt x 104.39372pt.
 [72 <./images//a52.png (PNG copy)>]
<./images//a53.png, id=308, 390.258pt x 110.98607pt>
File: ./images//a53.png Graphic file (type png)
<use ./images//a53.png>
Package pdftex.def Info: ./images//a53.png  used on input line 2080.
(pdftex.def)             Requested size: 284.52756pt x 80.91753pt.
 [73 <./images//a53.png (PNG copy)>]
<./images//a55.png, id=312, 1289.56781pt x 1452.92813pt>
File: ./images//a55.png Graphic file (type png)
<use ./images//a55.png>
Package pdftex.def Info: ./images//a55.png  used on input line 2101.
(pdftex.def)             Requested size: 278.83708pt x 314.14705pt.
 [74 <./images//a55.png (PNG copy)>]
<./images//a54.png, id=316, 987.69pt x 1173.63469pt>
File: ./images//a54.png Graphic file (type png)
<use ./images//a54.png>
Package pdftex.def Info: ./images//a54.png  used on input line 2114.
(pdftex.def)             Requested size: 284.52756pt x 338.08891pt.
 [75 <./images//a54.png (PNG copy)>] [76] [77] [78] [79]
Appendix A.
[80

] (./oppenheim.aux) ) 
Here is how much of TeX's memory you used:
 3966 strings out of 478287
 61903 string characters out of 5849289
 349532 words of memory out of 5000000
 22122 multiletter control sequences out of 15000+600000
 483926 words of font info for 81 fonts, out of 8000000 for 9000
 1141 hyphenation exceptions out of 8191
 55i,16n,62p,249b,219s stack positions out of 5000i,500n,10000p,200000b,80000s
{/usr/share/texmf/fonts/enc/dvips/cm-super/cm-super-ts1.enc}</usr/share/texlive/texmf-dist/fonts/type1/public/amsfonts/cm/cmbx10.pfb></usr/share/texlive/texmf-dist/fonts/type1/public/amsfonts/cm/cmbx12.pfb></usr/share/texlive/texmf-dist/fonts/type1/public/amsfonts/cm/cmex10.pfb></usr/share/texlive/texmf-dist/fonts/type1/public/amsfonts/cm/cmmi10.pfb></usr/share/texlive/texmf-dist/fonts/type1/public/amsfonts/cm/cmmi7.pfb></usr/share/texlive/texmf-dist/fonts/type1/public/amsfonts/cm/cmr10.pfb></usr/share/texlive/texmf-dist/fonts/type1/public/amsfonts/cm/cmr12.pfb></usr/share/texlive/texmf-dist/fonts/type1/public/amsfonts/cm/cmr17.pfb></usr/share/texlive/texmf-dist/fonts/type1/public/amsfonts/cm/cmr5.pfb></usr/share/texlive/texmf-dist/fonts/type1/public/amsfonts/cm/cmr7.pfb></usr/share/texlive/texmf-dist/fonts/type1/public/amsfonts/cm/cmsy10.pfb></usr/share/texlive/texmf-dist/fonts/type1/public/amsfonts/cm/cmsy7.pfb></usr/share/texlive/texmf-dist/fonts/type1/public/amsfonts/cm/cmti10.pfb></usr/share/texlive/texmf-dist/fonts/type1/public/amsfonts/symbols/msam10.pfb></usr/share/texmf/fonts/type1/public/cm-super/sfrm1000.pfb>
Output written on oppenheim.pdf (81 pages, 1468909 bytes).
PDF statistics:
 404 PDF objects out of 1000 (max. 8388607)
 228 compressed objects within 3 object streams
 0 named destinations out of 1000 (max. 500000)
 276 words of extra memory for PDF output out of 10000 (max. 10000000)

